Compiling the CXX compiler identification source file "CMakeCXXCompilerId.cpp" failed.
Compiler: /usr/tce/packages/clang/clang-11.0.0/bin/clang++ 
Build flags: 
Id flags:  

The output was:
1
error: error reading 'CMakeCXXCompilerId.cpp'
1 error generated.


Performing C++ SOURCE FILE Test HIP_CLANG_SUPPORTS_PARALLEL_JOBS failed with the following output:
Change Dir: /g/g92/varetto1/projects/rocm-scratch/build/CMakeFiles/CMakeTmp

Run Build Command(s):/usr/bin/gmake cmTC_56650/fast 
/usr/bin/gmake -f CMakeFiles/cmTC_56650.dir/build.make CMakeFiles/cmTC_56650.dir/build
gmake[1]: Entering directory `/g/g92/varetto1/projects/rocm-scratch/build/CMakeFiles/CMakeTmp'
Building CXX object CMakeFiles/cmTC_56650.dir/src.cxx.o
/usr/tce/packages/clang/clang-11.0.0/bin/clang++    -DHIP_CLANG_SUPPORTS_PARALLEL_JOBS   -parallel-jobs=1 -o CMakeFiles/cmTC_56650.dir/src.cxx.o -c /g/g92/varetto1/projects/rocm-scratch/build/CMakeFiles/CMakeTmp/src.cxx
clang-11: error: unknown argument: '-parallel-jobs=1'
gmake[1]: *** [CMakeFiles/cmTC_56650.dir/src.cxx.o] Error 1
gmake[1]: Leaving directory `/g/g92/varetto1/projects/rocm-scratch/build/CMakeFiles/CMakeTmp'
gmake: *** [cmTC_56650/fast] Error 2

Source file was:
int main() { return 0; }
Determining if the pthread_create exist failed with the following output:
Change Dir: /g/g92/varetto1/projects/rocm-scratch/build/CMakeFiles/CMakeTmp

Run Build Command(s):/usr/bin/gmake cmTC_47261/fast 
/usr/bin/gmake -f CMakeFiles/cmTC_47261.dir/build.make CMakeFiles/cmTC_47261.dir/build
gmake[1]: Entering directory `/g/g92/varetto1/projects/rocm-scratch/build/CMakeFiles/CMakeTmp'
Building C object CMakeFiles/cmTC_47261.dir/CheckSymbolExists.c.o
/usr/tce/packages/clang/clang-11.0.0/bin/clang    -o CMakeFiles/cmTC_47261.dir/CheckSymbolExists.c.o   -c /g/g92/varetto1/projects/rocm-scratch/build/CMakeFiles/CMakeTmp/CheckSymbolExists.c
Linking C executable cmTC_47261
/usr/tce/packages/cmake/cmake-3.14.5/bin/cmake -E cmake_link_script CMakeFiles/cmTC_47261.dir/link.txt --verbose=1
/usr/tce/packages/clang/clang-11.0.0/bin/clang      CMakeFiles/cmTC_47261.dir/CheckSymbolExists.c.o  -o cmTC_47261 
CMakeFiles/cmTC_47261.dir/CheckSymbolExists.c.o: In function `main':
CheckSymbolExists.c:(.text+0x19): undefined reference to `pthread_create'
clang-11: error: linker command failed with exit code 1 (use -v to see invocation)
gmake[1]: *** [cmTC_47261] Error 1
gmake[1]: Leaving directory `/g/g92/varetto1/projects/rocm-scratch/build/CMakeFiles/CMakeTmp'
gmake: *** [cmTC_47261/fast] Error 2

File /g/g92/varetto1/projects/rocm-scratch/build/CMakeFiles/CMakeTmp/CheckSymbolExists.c:
/* */
#include <pthread.h>

int main(int argc, char** argv)
{
  (void)argv;
#ifndef pthread_create
  return ((int*)(&pthread_create))[argc];
#else
  (void)argc;
  return 0;
#endif
}

Determining if the function pthread_create exists in the pthreads failed with the following output:
Change Dir: /g/g92/varetto1/projects/rocm-scratch/build/CMakeFiles/CMakeTmp

Run Build Command(s):/usr/bin/gmake cmTC_ea658/fast 
/usr/bin/gmake -f CMakeFiles/cmTC_ea658.dir/build.make CMakeFiles/cmTC_ea658.dir/build
gmake[1]: Entering directory `/g/g92/varetto1/projects/rocm-scratch/build/CMakeFiles/CMakeTmp'
Building C object CMakeFiles/cmTC_ea658.dir/CheckFunctionExists.c.o
/usr/tce/packages/clang/clang-11.0.0/bin/clang   -DCHECK_FUNCTION_EXISTS=pthread_create   -o CMakeFiles/cmTC_ea658.dir/CheckFunctionExists.c.o   -c /usr/tce/packages/cmake/cmake-3.14.5/share/cmake/Modules/CheckFunctionExists.c
Linking C executable cmTC_ea658
/usr/tce/packages/cmake/cmake-3.14.5/bin/cmake -E cmake_link_script CMakeFiles/cmTC_ea658.dir/link.txt --verbose=1
/usr/tce/packages/clang/clang-11.0.0/bin/clang  -DCHECK_FUNCTION_EXISTS=pthread_create    CMakeFiles/cmTC_ea658.dir/CheckFunctionExists.c.o  -o cmTC_ea658 -lpthreads 
/usr/bin/ld: cannot find -lpthreads
clang-11: error: linker command failed with exit code 1 (use -v to see invocation)
gmake[1]: *** [cmTC_ea658] Error 1
gmake[1]: Leaving directory `/g/g92/varetto1/projects/rocm-scratch/build/CMakeFiles/CMakeTmp'
gmake: *** [cmTC_ea658/fast] Error 2


